#
# A fatal error has been detected by the Java Runtime Environment:
#
#  Internal Error (javaClasses.cpp:129), pid=9044, tid=9004
#  fatal error: Invalid layout of preloaded class
#
# JRE version: 7.0_10-b18
# Java VM: Java HotSpot(TM) 64-Bit Server VM (23.6-b04 mixed mode windows-amd64 compressed oops)
# Failed to write core dump. Minidumps are not enabled by default on client versions of Windows
#
# If you would like to submit a bug report, please visit:
#   http://bugreport.sun.com/bugreport/crash.jsp
#

---------------  T H R E A D  ---------------

Current thread (0x00000000007dd800):  JavaThread "Unknown thread" [_thread_in_vm, id=9004, stack(0x0000000002140000,0x0000000002240000)]

Stack: [0x0000000002140000,0x0000000002240000]

---------------  P R O C E S S  ---------------

Java Threads: ( => current thread )

Other Threads:

=>0x00000000007dd800 (exited) JavaThread "Unknown thread" [_thread_in_vm, id=9004, stack(0x0000000002140000,0x0000000002240000)]

VM state:not at safepoint (not fully initialized)

VM Mutex/Monitor currently owned by a thread: None

GC Heap History (0 events):
No events

Deoptimization events (0 events):
No events

Internal exceptions (0 events):
No events

Events (10 events):
Event: 0.022 loading class 0x0000000002253710 done
Event: 0.023 loading class 0x0000000002253980 done
Event: 0.023 loading class 0x0000000002253680
Event: 0.023 loading class 0x000000000228f370
Event: 0.023 loading class 0x000000000228f370 done
Event: 0.023 loading class 0x000000000228f3f0
Event: 0.023 loading class 0x000000000228f3f0 done
Event: 0.023 loading class 0x00000000022d9bc0
Event: 0.023 loading class 0x00000000022d9bc0 done
Event: 0.024 loading class 0x0000000002253680 done


Dynamic libraries:
0x000007f60f030000 - 0x000007f60f063000 	C:\Program Files\Java\jre7\bin\javaw.exe
0x000007fe93b70000 - 0x000007fe93d30000 	C:\Windows\SYSTEM32\ntdll.dll
0x000007fe91100000 - 0x000007fe91236000 	C:\Windows\system32\KERNEL32.DLL
0x000007fe90e80000 - 0x000007fe90f73000 	C:\Windows\system32\KERNELBASE.dll
0x000007fe913e0000 - 0x000007fe914be000 	C:\Windows\system32\ADVAPI32.dll
0x000007fe92140000 - 0x000007fe9228c000 	C:\Windows\system32\USER32.dll
0x000007fe8e9f0000 - 0x000007fe8ec5a000 	C:\Windows\WinSxS\amd64_microsoft.windows.common-controls_6595b64144ccf1df_6.0.9200.16579_none_418ab7ef718b27ef\COMCTL32.dll
0x000007fe93580000 - 0x000007fe93625000 	C:\Windows\system32\msvcrt.dll
0x000007fe910b0000 - 0x000007fe910f8000 	C:\Windows\SYSTEM32\sechost.dll
0x000007fe92000000 - 0x000007fe92140000 	C:\Windows\system32\RPCRT4.dll
0x000007fe912a0000 - 0x000007fe913e0000 	C:\Windows\system32\GDI32.dll
0x000007fe91260000 - 0x000007fe91299000 	C:\Windows\system32\IMM32.DLL
0x000007fe91620000 - 0x000007fe91735000 	C:\Windows\system32\MSCTF.dll
0x0000000067030000 - 0x0000000067101000 	C:\Program Files\Java\jre7\bin\msvcr100.dll
0x0000000065f80000 - 0x000000006669f000 	C:\Program Files\Java\jre7\bin\server\jvm.dll
0x000007fe890f0000 - 0x000007fe890f9000 	C:\Windows\SYSTEM32\WSOCK32.dll
0x000007fe8c940000 - 0x000007fe8c960000 	C:\Windows\SYSTEM32\WINMM.dll
0x000007fe91ff0000 - 0x000007fe91ff7000 	C:\Windows\system32\PSAPI.DLL
0x000007fe91740000 - 0x000007fe91798000 	C:\Windows\system32\WS2_32.dll
0x000007fe8c900000 - 0x000007fe8c932000 	C:\Windows\SYSTEM32\WINMMBASE.dll
0x000007fe91970000 - 0x000007fe91979000 	C:\Windows\system32\NSI.dll
0x0000000067020000 - 0x000000006702f000 	C:\Program Files\Java\jre7\bin\verify.dll
0x0000000066ff0000 - 0x0000000067018000 	C:\Program Files\Java\jre7\bin\java.dll
0x0000000066fd0000 - 0x0000000066fe5000 	C:\Program Files\Java\jre7\bin\zip.dll

VM Arguments:
jvm_args: -Dfile.encoding=Cp1252 -Xbootclasspath:C:\Development\adt-bundle-windows-x86_64\sdk\platforms\android-17\android.jar 
java_command: recursiveFriend
Launcher Type: SUN_STANDARD

Environment Variables:
PATH=C:\Program Files (x86)\Intel\iCLS Client\;C:\Program Files\Intel\iCLS Client\;C:\Windows\system32;C:\Windows;C:\Windows\System32\Wbem;C:\Windows\System32\WindowsPowerShell\v1.0\;C:\Program Files\Intel\Intel(R) Management Engine Components\DAL;C:\Program Files\Intel\Intel(R) Management Engine Components\IPT;C:\Program Files (x86)\Intel\Intel(R) Management Engine Components\DAL;C:\Program Files (x86)\Intel\Intel(R) Management Engine Components\IPT;C:\Program Files\Intel\WiFi\bin\;C:\Program Files\Common Files\Intel\WirelessCommon\;C:\Program Files (x86)\Windows Live\Shared;C:\Program Files (x86)\PharosSystems\Core;C:\Program Files (x86)\SSH Communications Security\SSH Secure Shell
USERNAME=Racheal
OS=Windows_NT
PROCESSOR_IDENTIFIER=Intel64 Family 6 Model 58 Stepping 9, GenuineIntel



---------------  S Y S T E M  ---------------

OS: Windows 8 , 64 bit Build 9200 

CPU:total 4 (2 cores per cpu, 2 threads per core) family 6 model 58 stepping 9, cmov, cx8, fxsr, mmx, sse, sse2, sse3, ssse3, sse4.1, sse4.2, popcnt, avx, ht, tsc, tscinvbit, tscinv

Memory: 4k page, physical 6154756k(2448500k free), swap 7268868k(2625900k free)

vm_info: Java HotSpot(TM) 64-Bit Server VM (23.6-b04) for windows-amd64 JRE (1.7.0_10-b18), built on Nov 28 2012 05:00:40 by "java_re" with unknown MS VC++:1600

time: Wed May 29 22:08:05 2013
elapsed time: 0 seconds

